<?xml version="1.0" encoding="UTF-8"?>
<testsuite xmlns:xsi="http://www.w3.org/2001/XMLSchema-instance" xsi:noNamespaceSchemaLocation="https://maven.apache.org/surefire/maven-surefire-plugin/xsd/surefire-test-report.xsd" name="com.example.grpc.AppTest" time="0.013" tests="1" errors="0" skipped="0" failures="0">
  <properties>
    <property name="sun.desktop" value="gnome"/>
    <property name="awt.toolkit" value="sun.awt.X11.XToolkit"/>
    <property name="file.encoding.pkg" value="sun.io"/>
    <property name="java.specification.version" value="1.8"/>
    <property name="sun.cpu.isalist" value=""/>
    <property name="sun.jnu.encoding" value="UTF-8"/>
    <property name="java.class.path" value="/home/meriemouali/jProjects/grpc-hello-server/target/test-classes:/home/meriemouali/jProjects/grpc-hello-server/target/classes:/home/meriemouali/.m2/repository/junit/junit/4.13/junit-4.13.jar:/home/meriemouali/.m2/repository/org/hamcrest/hamcrest-core/2.2/hamcrest-core-2.2.jar:/home/meriemouali/.m2/repository/org/hamcrest/hamcrest/2.2/hamcrest-2.2.jar:/home/meriemouali/.m2/repository/org/projectlombok/lombok/1.18.12/lombok-1.18.12.jar:/home/meriemouali/.m2/repository/org/springframework/boot/spring-boot-starter-data-mongodb/2.3.1.RELEASE/spring-boot-starter-data-mongodb-2.3.1.RELEASE.jar:/home/meriemouali/.m2/repository/org/springframework/boot/spring-boot-starter/2.3.1.RELEASE/spring-boot-starter-2.3.1.RELEASE.jar:/home/meriemouali/.m2/repository/org/springframework/boot/spring-boot/2.3.1.RELEASE/spring-boot-2.3.1.RELEASE.jar:/home/meriemouali/.m2/repository/org/springframework/boot/spring-boot-autoconfigure/2.3.1.RELEASE/spring-boot-autoconfigure-2.3.1.RELEASE.jar:/home/meriemouali/.m2/repository/org/springframework/boot/spring-boot-starter-logging/2.3.1.RELEASE/spring-boot-starter-logging-2.3.1.RELEASE.jar:/home/meriemouali/.m2/repository/ch/qos/logback/logback-classic/1.2.3/logback-classic-1.2.3.jar:/home/meriemouali/.m2/repository/ch/qos/logback/logback-core/1.2.3/logback-core-1.2.3.jar:/home/meriemouali/.m2/repository/org/apache/logging/log4j/log4j-to-slf4j/2.13.3/log4j-to-slf4j-2.13.3.jar:/home/meriemouali/.m2/repository/org/apache/logging/log4j/log4j-api/2.13.3/log4j-api-2.13.3.jar:/home/meriemouali/.m2/repository/org/slf4j/jul-to-slf4j/1.7.30/jul-to-slf4j-1.7.30.jar:/home/meriemouali/.m2/repository/jakarta/annotation/jakarta.annotation-api/1.3.5/jakarta.annotation-api-1.3.5.jar:/home/meriemouali/.m2/repository/org/springframework/spring-core/5.2.7.RELEASE/spring-core-5.2.7.RELEASE.jar:/home/meriemouali/.m2/repository/org/springframework/spring-jcl/5.2.7.RELEASE/spring-jcl-5.2.7.RELEASE.jar:/home/meriemouali/.m2/repository/org/yaml/snakeyaml/1.26/snakeyaml-1.26.jar:/home/meriemouali/.m2/repository/org/mongodb/mongodb-driver-sync/4.0.4/mongodb-driver-sync-4.0.4.jar:/home/meriemouali/.m2/repository/org/mongodb/bson/4.0.4/bson-4.0.4.jar:/home/meriemouali/.m2/repository/org/mongodb/mongodb-driver-core/4.0.4/mongodb-driver-core-4.0.4.jar:/home/meriemouali/.m2/repository/org/springframework/data/spring-data-mongodb/3.0.1.RELEASE/spring-data-mongodb-3.0.1.RELEASE.jar:/home/meriemouali/.m2/repository/org/springframework/spring-tx/5.2.7.RELEASE/spring-tx-5.2.7.RELEASE.jar:/home/meriemouali/.m2/repository/org/springframework/spring-context/5.2.7.RELEASE/spring-context-5.2.7.RELEASE.jar:/home/meriemouali/.m2/repository/org/springframework/spring-beans/5.2.7.RELEASE/spring-beans-5.2.7.RELEASE.jar:/home/meriemouali/.m2/repository/org/springframework/spring-expression/5.2.7.RELEASE/spring-expression-5.2.7.RELEASE.jar:/home/meriemouali/.m2/repository/org/springframework/data/spring-data-commons/2.3.1.RELEASE/spring-data-commons-2.3.1.RELEASE.jar:/home/meriemouali/.m2/repository/org/slf4j/slf4j-api/1.7.30/slf4j-api-1.7.30.jar:/home/meriemouali/.m2/repository/org/springframework/boot/spring-boot-starter-web/2.3.1.RELEASE/spring-boot-starter-web-2.3.1.RELEASE.jar:/home/meriemouali/.m2/repository/org/springframework/boot/spring-boot-starter-json/2.3.1.RELEASE/spring-boot-starter-json-2.3.1.RELEASE.jar:/home/meriemouali/.m2/repository/com/fasterxml/jackson/core/jackson-databind/2.11.0/jackson-databind-2.11.0.jar:/home/meriemouali/.m2/repository/com/fasterxml/jackson/core/jackson-annotations/2.11.0/jackson-annotations-2.11.0.jar:/home/meriemouali/.m2/repository/com/fasterxml/jackson/core/jackson-core/2.11.0/jackson-core-2.11.0.jar:/home/meriemouali/.m2/repository/com/fasterxml/jackson/datatype/jackson-datatype-jdk8/2.11.0/jackson-datatype-jdk8-2.11.0.jar:/home/meriemouali/.m2/repository/com/fasterxml/jackson/datatype/jackson-datatype-jsr310/2.11.0/jackson-datatype-jsr310-2.11.0.jar:/home/meriemouali/.m2/repository/com/fasterxml/jackson/module/jackson-module-parameter-names/2.11.0/jackson-module-parameter-names-2.11.0.jar:/home/meriemouali/.m2/repository/org/springframework/boot/spring-boot-starter-tomcat/2.3.1.RELEASE/spring-boot-starter-tomcat-2.3.1.RELEASE.jar:/home/meriemouali/.m2/repository/org/apache/tomcat/embed/tomcat-embed-core/9.0.36/tomcat-embed-core-9.0.36.jar:/home/meriemouali/.m2/repository/org/glassfish/jakarta.el/3.0.3/jakarta.el-3.0.3.jar:/home/meriemouali/.m2/repository/org/apache/tomcat/embed/tomcat-embed-websocket/9.0.36/tomcat-embed-websocket-9.0.36.jar:/home/meriemouali/.m2/repository/org/springframework/spring-web/5.2.7.RELEASE/spring-web-5.2.7.RELEASE.jar:/home/meriemouali/.m2/repository/org/springframework/spring-webmvc/5.2.7.RELEASE/spring-webmvc-5.2.7.RELEASE.jar:/home/meriemouali/.m2/repository/org/springframework/spring-aop/5.2.7.RELEASE/spring-aop-5.2.7.RELEASE.jar:/home/meriemouali/.m2/repository/io/grpc/grpc-stub/1.7.0/grpc-stub-1.7.0.jar:/home/meriemouali/.m2/repository/io/github/lognet/grpc-spring-boot-starter/3.5.0/grpc-spring-boot-starter-3.5.0.jar:/home/meriemouali/.m2/repository/io/grpc/grpc-netty/1.25.0/grpc-netty-1.25.0.jar:/home/meriemouali/.m2/repository/io/grpc/grpc-core/1.25.0/grpc-core-1.25.0.jar:/home/meriemouali/.m2/repository/io/grpc/grpc-api/1.25.0/grpc-api-1.25.0.jar:/home/meriemouali/.m2/repository/io/grpc/grpc-context/1.25.0/grpc-context-1.25.0.jar:/home/meriemouali/.m2/repository/com/google/errorprone/error_prone_annotations/2.3.3/error_prone_annotations-2.3.3.jar:/home/meriemouali/.m2/repository/com/google/code/findbugs/jsr305/3.0.2/jsr305-3.0.2.jar:/home/meriemouali/.m2/repository/org/codehaus/mojo/animal-sniffer-annotations/1.17/animal-sniffer-annotations-1.17.jar:/home/meriemouali/.m2/repository/com/google/code/gson/gson/2.8.6/gson-2.8.6.jar:/home/meriemouali/.m2/repository/com/google/android/annotations/4.1.1.4/annotations-4.1.1.4.jar:/home/meriemouali/.m2/repository/io/perfmark/perfmark-api/0.19.0/perfmark-api-0.19.0.jar:/home/meriemouali/.m2/repository/io/opencensus/opencensus-api/0.21.0/opencensus-api-0.21.0.jar:/home/meriemouali/.m2/repository/io/opencensus/opencensus-contrib-grpc-metrics/0.21.0/opencensus-contrib-grpc-metrics-0.21.0.jar:/home/meriemouali/.m2/repository/io/netty/netty-codec-http2/4.1.50.Final/netty-codec-http2-4.1.50.Final.jar:/home/meriemouali/.m2/repository/io/netty/netty-common/4.1.50.Final/netty-common-4.1.50.Final.jar:/home/meriemouali/.m2/repository/io/netty/netty-buffer/4.1.50.Final/netty-buffer-4.1.50.Final.jar:/home/meriemouali/.m2/repository/io/netty/netty-transport/4.1.50.Final/netty-transport-4.1.50.Final.jar:/home/meriemouali/.m2/repository/io/netty/netty-resolver/4.1.50.Final/netty-resolver-4.1.50.Final.jar:/home/meriemouali/.m2/repository/io/netty/netty-codec/4.1.50.Final/netty-codec-4.1.50.Final.jar:/home/meriemouali/.m2/repository/io/netty/netty-handler/4.1.50.Final/netty-handler-4.1.50.Final.jar:/home/meriemouali/.m2/repository/io/netty/netty-codec-http/4.1.50.Final/netty-codec-http-4.1.50.Final.jar:/home/meriemouali/.m2/repository/io/netty/netty-handler-proxy/4.1.50.Final/netty-handler-proxy-4.1.50.Final.jar:/home/meriemouali/.m2/repository/io/netty/netty-codec-socks/4.1.50.Final/netty-codec-socks-4.1.50.Final.jar:/home/meriemouali/.m2/repository/io/grpc/grpc-services/1.25.0/grpc-services-1.25.0.jar:/home/meriemouali/.m2/repository/io/grpc/grpc-protobuf/1.25.0/grpc-protobuf-1.25.0.jar:/home/meriemouali/.m2/repository/com/google/protobuf/protobuf-java/3.10.0/protobuf-java-3.10.0.jar:/home/meriemouali/.m2/repository/com/google/guava/guava/28.1-android/guava-28.1-android.jar:/home/meriemouali/.m2/repository/com/google/guava/failureaccess/1.0.1/failureaccess-1.0.1.jar:/home/meriemouali/.m2/repository/com/google/guava/listenablefuture/9999.0-empty-to-avoid-conflict-with-guava/listenablefuture-9999.0-empty-to-avoid-conflict-with-guava.jar:/home/meriemouali/.m2/repository/org/checkerframework/checker-compat-qual/2.5.5/checker-compat-qual-2.5.5.jar:/home/meriemouali/.m2/repository/com/google/j2objc/j2objc-annotations/1.3/j2objc-annotations-1.3.jar:/home/meriemouali/.m2/repository/com/google/api/grpc/proto-google-common-protos/1.12.0/proto-google-common-protos-1.12.0.jar:/home/meriemouali/.m2/repository/io/grpc/grpc-protobuf-lite/1.25.0/grpc-protobuf-lite-1.25.0.jar:/home/meriemouali/.m2/repository/com/google/protobuf/protobuf-java-util/3.10.0/protobuf-java-util-3.10.0.jar:/home/meriemouali/.m2/repository/io/netty/netty-tcnative-boringssl-static/2.0.31.Final/netty-tcnative-boringssl-static-2.0.31.Final.jar:"/>
    <property name="java.vm.vendor" value="Private Build"/>
    <property name="sun.arch.data.model" value="64"/>
    <property name="java.vendor.url" value="http://java.oracle.com/"/>
    <property name="user.timezone" value=""/>
    <property name="java.vm.specification.version" value="1.8"/>
    <property name="os.name" value="Linux"/>
    <property name="user.country" value="GB"/>
    <property name="sun.java.launcher" value="SUN_STANDARD"/>
    <property name="sun.boot.library.path" value="/usr/lib/jvm/java-8-openjdk-amd64/jre/lib/amd64"/>
    <property name="sun.java.command" value="/home/meriemouali/jProjects/grpc-hello-server/target/surefire/surefirebooter5360821852662241985.jar /home/meriemouali/jProjects/grpc-hello-server/target/surefire 2020-08-03T11-37-05_971-jvmRun1 surefire4301989225896104333tmp surefire_07922458400464804265tmp"/>
    <property name="surefire.test.class.path" value="/home/meriemouali/jProjects/grpc-hello-server/target/test-classes:/home/meriemouali/jProjects/grpc-hello-server/target/classes:/home/meriemouali/.m2/repository/junit/junit/4.13/junit-4.13.jar:/home/meriemouali/.m2/repository/org/hamcrest/hamcrest-core/2.2/hamcrest-core-2.2.jar:/home/meriemouali/.m2/repository/org/hamcrest/hamcrest/2.2/hamcrest-2.2.jar:/home/meriemouali/.m2/repository/org/projectlombok/lombok/1.18.12/lombok-1.18.12.jar:/home/meriemouali/.m2/repository/org/springframework/boot/spring-boot-starter-data-mongodb/2.3.1.RELEASE/spring-boot-starter-data-mongodb-2.3.1.RELEASE.jar:/home/meriemouali/.m2/repository/org/springframework/boot/spring-boot-starter/2.3.1.RELEASE/spring-boot-starter-2.3.1.RELEASE.jar:/home/meriemouali/.m2/repository/org/springframework/boot/spring-boot/2.3.1.RELEASE/spring-boot-2.3.1.RELEASE.jar:/home/meriemouali/.m2/repository/org/springframework/boot/spring-boot-autoconfigure/2.3.1.RELEASE/spring-boot-autoconfigure-2.3.1.RELEASE.jar:/home/meriemouali/.m2/repository/org/springframework/boot/spring-boot-starter-logging/2.3.1.RELEASE/spring-boot-starter-logging-2.3.1.RELEASE.jar:/home/meriemouali/.m2/repository/ch/qos/logback/logback-classic/1.2.3/logback-classic-1.2.3.jar:/home/meriemouali/.m2/repository/ch/qos/logback/logback-core/1.2.3/logback-core-1.2.3.jar:/home/meriemouali/.m2/repository/org/apache/logging/log4j/log4j-to-slf4j/2.13.3/log4j-to-slf4j-2.13.3.jar:/home/meriemouali/.m2/repository/org/apache/logging/log4j/log4j-api/2.13.3/log4j-api-2.13.3.jar:/home/meriemouali/.m2/repository/org/slf4j/jul-to-slf4j/1.7.30/jul-to-slf4j-1.7.30.jar:/home/meriemouali/.m2/repository/jakarta/annotation/jakarta.annotation-api/1.3.5/jakarta.annotation-api-1.3.5.jar:/home/meriemouali/.m2/repository/org/springframework/spring-core/5.2.7.RELEASE/spring-core-5.2.7.RELEASE.jar:/home/meriemouali/.m2/repository/org/springframework/spring-jcl/5.2.7.RELEASE/spring-jcl-5.2.7.RELEASE.jar:/home/meriemouali/.m2/repository/org/yaml/snakeyaml/1.26/snakeyaml-1.26.jar:/home/meriemouali/.m2/repository/org/mongodb/mongodb-driver-sync/4.0.4/mongodb-driver-sync-4.0.4.jar:/home/meriemouali/.m2/repository/org/mongodb/bson/4.0.4/bson-4.0.4.jar:/home/meriemouali/.m2/repository/org/mongodb/mongodb-driver-core/4.0.4/mongodb-driver-core-4.0.4.jar:/home/meriemouali/.m2/repository/org/springframework/data/spring-data-mongodb/3.0.1.RELEASE/spring-data-mongodb-3.0.1.RELEASE.jar:/home/meriemouali/.m2/repository/org/springframework/spring-tx/5.2.7.RELEASE/spring-tx-5.2.7.RELEASE.jar:/home/meriemouali/.m2/repository/org/springframework/spring-context/5.2.7.RELEASE/spring-context-5.2.7.RELEASE.jar:/home/meriemouali/.m2/repository/org/springframework/spring-beans/5.2.7.RELEASE/spring-beans-5.2.7.RELEASE.jar:/home/meriemouali/.m2/repository/org/springframework/spring-expression/5.2.7.RELEASE/spring-expression-5.2.7.RELEASE.jar:/home/meriemouali/.m2/repository/org/springframework/data/spring-data-commons/2.3.1.RELEASE/spring-data-commons-2.3.1.RELEASE.jar:/home/meriemouali/.m2/repository/org/slf4j/slf4j-api/1.7.30/slf4j-api-1.7.30.jar:/home/meriemouali/.m2/repository/org/springframework/boot/spring-boot-starter-web/2.3.1.RELEASE/spring-boot-starter-web-2.3.1.RELEASE.jar:/home/meriemouali/.m2/repository/org/springframework/boot/spring-boot-starter-json/2.3.1.RELEASE/spring-boot-starter-json-2.3.1.RELEASE.jar:/home/meriemouali/.m2/repository/com/fasterxml/jackson/core/jackson-databind/2.11.0/jackson-databind-2.11.0.jar:/home/meriemouali/.m2/repository/com/fasterxml/jackson/core/jackson-annotations/2.11.0/jackson-annotations-2.11.0.jar:/home/meriemouali/.m2/repository/com/fasterxml/jackson/core/jackson-core/2.11.0/jackson-core-2.11.0.jar:/home/meriemouali/.m2/repository/com/fasterxml/jackson/datatype/jackson-datatype-jdk8/2.11.0/jackson-datatype-jdk8-2.11.0.jar:/home/meriemouali/.m2/repository/com/fasterxml/jackson/datatype/jackson-datatype-jsr310/2.11.0/jackson-datatype-jsr310-2.11.0.jar:/home/meriemouali/.m2/repository/com/fasterxml/jackson/module/jackson-module-parameter-names/2.11.0/jackson-module-parameter-names-2.11.0.jar:/home/meriemouali/.m2/repository/org/springframework/boot/spring-boot-starter-tomcat/2.3.1.RELEASE/spring-boot-starter-tomcat-2.3.1.RELEASE.jar:/home/meriemouali/.m2/repository/org/apache/tomcat/embed/tomcat-embed-core/9.0.36/tomcat-embed-core-9.0.36.jar:/home/meriemouali/.m2/repository/org/glassfish/jakarta.el/3.0.3/jakarta.el-3.0.3.jar:/home/meriemouali/.m2/repository/org/apache/tomcat/embed/tomcat-embed-websocket/9.0.36/tomcat-embed-websocket-9.0.36.jar:/home/meriemouali/.m2/repository/org/springframework/spring-web/5.2.7.RELEASE/spring-web-5.2.7.RELEASE.jar:/home/meriemouali/.m2/repository/org/springframework/spring-webmvc/5.2.7.RELEASE/spring-webmvc-5.2.7.RELEASE.jar:/home/meriemouali/.m2/repository/org/springframework/spring-aop/5.2.7.RELEASE/spring-aop-5.2.7.RELEASE.jar:/home/meriemouali/.m2/repository/io/grpc/grpc-stub/1.7.0/grpc-stub-1.7.0.jar:/home/meriemouali/.m2/repository/io/github/lognet/grpc-spring-boot-starter/3.5.0/grpc-spring-boot-starter-3.5.0.jar:/home/meriemouali/.m2/repository/io/grpc/grpc-netty/1.25.0/grpc-netty-1.25.0.jar:/home/meriemouali/.m2/repository/io/grpc/grpc-core/1.25.0/grpc-core-1.25.0.jar:/home/meriemouali/.m2/repository/io/grpc/grpc-api/1.25.0/grpc-api-1.25.0.jar:/home/meriemouali/.m2/repository/io/grpc/grpc-context/1.25.0/grpc-context-1.25.0.jar:/home/meriemouali/.m2/repository/com/google/errorprone/error_prone_annotations/2.3.3/error_prone_annotations-2.3.3.jar:/home/meriemouali/.m2/repository/com/google/code/findbugs/jsr305/3.0.2/jsr305-3.0.2.jar:/home/meriemouali/.m2/repository/org/codehaus/mojo/animal-sniffer-annotations/1.17/animal-sniffer-annotations-1.17.jar:/home/meriemouali/.m2/repository/com/google/code/gson/gson/2.8.6/gson-2.8.6.jar:/home/meriemouali/.m2/repository/com/google/android/annotations/4.1.1.4/annotations-4.1.1.4.jar:/home/meriemouali/.m2/repository/io/perfmark/perfmark-api/0.19.0/perfmark-api-0.19.0.jar:/home/meriemouali/.m2/repository/io/opencensus/opencensus-api/0.21.0/opencensus-api-0.21.0.jar:/home/meriemouali/.m2/repository/io/opencensus/opencensus-contrib-grpc-metrics/0.21.0/opencensus-contrib-grpc-metrics-0.21.0.jar:/home/meriemouali/.m2/repository/io/netty/netty-codec-http2/4.1.50.Final/netty-codec-http2-4.1.50.Final.jar:/home/meriemouali/.m2/repository/io/netty/netty-common/4.1.50.Final/netty-common-4.1.50.Final.jar:/home/meriemouali/.m2/repository/io/netty/netty-buffer/4.1.50.Final/netty-buffer-4.1.50.Final.jar:/home/meriemouali/.m2/repository/io/netty/netty-transport/4.1.50.Final/netty-transport-4.1.50.Final.jar:/home/meriemouali/.m2/repository/io/netty/netty-resolver/4.1.50.Final/netty-resolver-4.1.50.Final.jar:/home/meriemouali/.m2/repository/io/netty/netty-codec/4.1.50.Final/netty-codec-4.1.50.Final.jar:/home/meriemouali/.m2/repository/io/netty/netty-handler/4.1.50.Final/netty-handler-4.1.50.Final.jar:/home/meriemouali/.m2/repository/io/netty/netty-codec-http/4.1.50.Final/netty-codec-http-4.1.50.Final.jar:/home/meriemouali/.m2/repository/io/netty/netty-handler-proxy/4.1.50.Final/netty-handler-proxy-4.1.50.Final.jar:/home/meriemouali/.m2/repository/io/netty/netty-codec-socks/4.1.50.Final/netty-codec-socks-4.1.50.Final.jar:/home/meriemouali/.m2/repository/io/grpc/grpc-services/1.25.0/grpc-services-1.25.0.jar:/home/meriemouali/.m2/repository/io/grpc/grpc-protobuf/1.25.0/grpc-protobuf-1.25.0.jar:/home/meriemouali/.m2/repository/com/google/protobuf/protobuf-java/3.10.0/protobuf-java-3.10.0.jar:/home/meriemouali/.m2/repository/com/google/guava/guava/28.1-android/guava-28.1-android.jar:/home/meriemouali/.m2/repository/com/google/guava/failureaccess/1.0.1/failureaccess-1.0.1.jar:/home/meriemouali/.m2/repository/com/google/guava/listenablefuture/9999.0-empty-to-avoid-conflict-with-guava/listenablefuture-9999.0-empty-to-avoid-conflict-with-guava.jar:/home/meriemouali/.m2/repository/org/checkerframework/checker-compat-qual/2.5.5/checker-compat-qual-2.5.5.jar:/home/meriemouali/.m2/repository/com/google/j2objc/j2objc-annotations/1.3/j2objc-annotations-1.3.jar:/home/meriemouali/.m2/repository/com/google/api/grpc/proto-google-common-protos/1.12.0/proto-google-common-protos-1.12.0.jar:/home/meriemouali/.m2/repository/io/grpc/grpc-protobuf-lite/1.25.0/grpc-protobuf-lite-1.25.0.jar:/home/meriemouali/.m2/repository/com/google/protobuf/protobuf-java-util/3.10.0/protobuf-java-util-3.10.0.jar:/home/meriemouali/.m2/repository/io/netty/netty-tcnative-boringssl-static/2.0.31.Final/netty-tcnative-boringssl-static-2.0.31.Final.jar:"/>
    <property name="sun.cpu.endian" value="little"/>
    <property name="user.home" value="/home/meriemouali"/>
    <property name="user.language" value="en"/>
    <property name="java.specification.vendor" value="Oracle Corporation"/>
    <property name="java.home" value="/usr/lib/jvm/java-8-openjdk-amd64/jre"/>
    <property name="basedir" value="/home/meriemouali/jProjects/grpc-hello-server"/>
    <property name="file.separator" value="/"/>
    <property name="line.separator" value="&#10;"/>
    <property name="java.vm.specification.vendor" value="Oracle Corporation"/>
    <property name="java.specification.name" value="Java Platform API Specification"/>
    <property name="java.awt.graphicsenv" value="sun.awt.X11GraphicsEnvironment"/>
    <property name="idea.version2020.1.3" value="true"/>
    <property name="surefire.real.class.path" value="/home/meriemouali/jProjects/grpc-hello-server/target/surefire/surefirebooter5360821852662241985.jar"/>
    <property name="sun.boot.class.path" value="/usr/lib/jvm/java-8-openjdk-amd64/jre/lib/resources.jar:/usr/lib/jvm/java-8-openjdk-amd64/jre/lib/rt.jar:/usr/lib/jvm/java-8-openjdk-amd64/jre/lib/sunrsasign.jar:/usr/lib/jvm/java-8-openjdk-amd64/jre/lib/jsse.jar:/usr/lib/jvm/java-8-openjdk-amd64/jre/lib/jce.jar:/usr/lib/jvm/java-8-openjdk-amd64/jre/lib/charsets.jar:/usr/lib/jvm/java-8-openjdk-amd64/jre/lib/jfr.jar:/usr/lib/jvm/java-8-openjdk-amd64/jre/classes"/>
    <property name="sun.management.compiler" value="HotSpot 64-Bit Tiered Compilers"/>
    <property name="java.runtime.version" value="1.8.0_252-8u252-b09-1~16.04-b09"/>
    <property name="user.name" value="meriemouali"/>
    <property name="path.separator" value=":"/>
    <property name="os.version" value="4.4.0-186-generic"/>
    <property name="java.endorsed.dirs" value="/usr/lib/jvm/java-8-openjdk-amd64/jre/lib/endorsed"/>
    <property name="java.runtime.name" value="OpenJDK Runtime Environment"/>
    <property name="file.encoding" value="UTF-8"/>
    <property name="java.vm.name" value="OpenJDK 64-Bit Server VM"/>
    <property name="localRepository" value="/home/meriemouali/.m2/repository"/>
    <property name="java.vendor.url.bug" value="http://bugreport.sun.com/bugreport/"/>
    <property name="java.io.tmpdir" value="/tmp"/>
    <property name="java.version" value="1.8.0_252"/>
    <property name="user.dir" value="/home/meriemouali/jProjects/grpc-hello-server"/>
    <property name="os.arch" value="amd64"/>
    <property name="java.vm.specification.name" value="Java Virtual Machine Specification"/>
    <property name="java.awt.printerjob" value="sun.print.PSPrinterJob"/>
    <property name="sun.os.patch.level" value="unknown"/>
    <property name="java.library.path" value="/usr/java/packages/lib/amd64:/usr/lib/x86_64-linux-gnu/jni:/lib/x86_64-linux-gnu:/usr/lib/x86_64-linux-gnu:/usr/lib/jni:/lib:/usr/lib"/>
    <property name="java.vm.info" value="mixed mode"/>
    <property name="java.vendor" value="Private Build"/>
    <property name="java.vm.version" value="25.252-b09"/>
    <property name="java.ext.dirs" value="/usr/lib/jvm/java-8-openjdk-amd64/jre/lib/ext:/usr/java/packages/lib/ext"/>
    <property name="sun.io.unicode.encoding" value="UnicodeLittle"/>
    <property name="java.class.version" value="52.0"/>
  </properties>
  <testcase name="testApp" classname="com.example.grpc.AppTest" time="0.001"/>
</testsuite>